Using pre-set license
Built from '2020.3/china_unity/release' branch; Version is '2020.3.17f1c1 (1f35b2393d76) revision 2045362'; Using compiler version '192528614'; Build Type 'Release'
OS: 'Windows 10 Home China; OS build 19044.2728; Version 2009; 64bit' Language: 'zh' Physical Memory: 16302 MB
BatchMode: 1, IsHumanControllingUs: 0, StartBugReporterOnCrash: 0, Is64bit: 1, IsPro: 0

COMMAND LINE ARGUMENTS:
C:\Program Files\Unity\Editor\Unity.exe
-adb2
-batchMode
-noUpm
-name
AssetImportWorker0
-projectPath
D:/uwo/grad/cs9644/project/maze-multi/Maze Multi
-logFile
Logs/AssetImportWorker0.log
-srvPort
53604
Successfully changed project path to: D:/uwo/grad/cs9644/project/maze-multi/Maze Multi
D:/uwo/grad/cs9644/project/maze-multi/Maze Multi
Using Asset Import Pipeline V2.
AS: AutoStreaming module initializing.Refreshing native plugins compatible for Editor in 32.65 ms, found 3 plugins.
Preloading 0 native plugins for Editor in 0.00 ms.
Initialize engine version: 2020.3.17f1c1 (1f35b2393d76)
[Subsystems] Discovering subsystems at path C:/Program Files/Unity/Editor/Data/Resources/UnitySubsystems
[Subsystems] Discovering subsystems at path D:/uwo/grad/cs9644/project/maze-multi/Maze Multi/Assets
GfxDevice: creating device client; threaded=0
Direct3D:
    Version:  Direct3D 11.0 [level 11.1]
    Renderer: NVIDIA GeForce RTX 2080 SUPER (ID=0x1e81)
    Vendor:   
    VRAM:     8001 MB
    Driver:   31.0.15.2741
Initialize mono
Mono path[0] = 'C:/Program Files/Unity/Editor/Data/Managed'
Mono path[1] = 'C:/Program Files/Unity/Editor/Data/MonoBleedingEdge/lib/mono/unityjit'
Mono config path = 'C:/Program Files/Unity/Editor/Data/MonoBleedingEdge/etc'
Using monoOptions --debugger-agent=transport=dt_socket,embedding=1,server=y,suspend=n,address=127.0.0.1:56588
Begin MonoManager ReloadAssembly
Registering precompiled unity dll's ...
Register platform support module: C:/Program Files/Unity/Editor/Data/PlaybackEngines/WindowsStandaloneSupport/UnityEditor.WindowsStandalone.Extensions.dll
Registered in 0.001310 seconds.
Native extension for WindowsStandalone target not found
Refreshing native plugins compatible for Editor in 29.69 ms, found 3 plugins.
Preloading 0 native plugins for Editor in 0.00 ms.
Mono: successfully reloaded assembly
- Completed reload, in  0.715 seconds
Domain Reload Profiling:
	ReloadAssembly (715ms)
		BeginReloadAssembly (39ms)
			ExecutionOrderSort (0ms)
			DisableScriptedObjects (0ms)
			BackupInstance (0ms)
			ReleaseScriptingObjects (0ms)
			CreateAndSetChildDomain (1ms)
		EndReloadAssembly (308ms)
			LoadAssemblies (37ms)
			RebuildTransferFunctionScriptingTraits (0ms)
			SetupTypeCache (112ms)
			ReleaseScriptCaches (0ms)
			RebuildScriptCaches (23ms)
			SetupLoadedEditorAssemblies (126ms)
				LogAssemblyErrors (0ms)
				InitializePlatformSupportModulesInManaged (3ms)
				SetLoadedEditorAssemblies (0ms)
				RefreshPlugins (30ms)
				BeforeProcessingInitializeOnLoad (10ms)
				ProcessInitializeOnLoadAttributes (61ms)
				ProcessInitializeOnLoadMethodAttributes (21ms)
				AfterProcessingInitializeOnLoad (0ms)
				EditorAssembliesLoaded (0ms)
			ExecutionOrderSort2 (0ms)
			AwakeInstancesAfterBackupRestoration (0ms)
Platform modules already initialized, skipping
Registering precompiled user dll's ...
Registered in 0.004383 seconds.
Begin MonoManager ReloadAssembly
Native extension for WindowsStandalone target not found
Refreshing native plugins compatible for Editor in 29.33 ms, found 3 plugins.
Preloading 0 native plugins for Editor in 0.00 ms.
Mono: successfully reloaded assembly
- Completed reload, in  0.974 seconds
Domain Reload Profiling:
	ReloadAssembly (975ms)
		BeginReloadAssembly (105ms)
			ExecutionOrderSort (0ms)
			DisableScriptedObjects (4ms)
			BackupInstance (0ms)
			ReleaseScriptingObjects (0ms)
			CreateAndSetChildDomain (13ms)
		EndReloadAssembly (825ms)
			LoadAssemblies (66ms)
			RebuildTransferFunctionScriptingTraits (0ms)
			SetupTypeCache (235ms)
			ReleaseScriptCaches (0ms)
			RebuildScriptCaches (40ms)
			SetupLoadedEditorAssemblies (395ms)
				LogAssemblyErrors (0ms)
				InitializePlatformSupportModulesInManaged (3ms)
				SetLoadedEditorAssemblies (0ms)
				RefreshPlugins (29ms)
				BeforeProcessingInitializeOnLoad (52ms)
				ProcessInitializeOnLoadAttributes (293ms)
				ProcessInitializeOnLoadMethodAttributes (13ms)
				AfterProcessingInitializeOnLoad (4ms)
				EditorAssembliesLoaded (0ms)
			ExecutionOrderSort2 (0ms)
			AwakeInstancesAfterBackupRestoration (4ms)
Platform modules already initialized, skipping
========================================================================
Worker process is ready to serve import requests
Launched and connected shader compiler UnityShaderCompiler.exe after 0.03 seconds
Refreshing native plugins compatible for Editor in 0.47 ms, found 3 plugins.
Preloading 0 native plugins for Editor in 0.00 ms.
Unloading 1968 Unused Serialized files (Serialized files now loaded: 0)
System memory in use before: 89.9 MB.
System memory in use after: 90.0 MB.

Unloading 45 unused Assets to reduce memory usage. Loaded Objects now: 2423.
Total: 2.499900 ms (FindLiveObjects: 0.160400 ms CreateObjectMapping: 0.060300 ms MarkObjects: 2.218400 ms  DeleteObjects: 0.060100 ms)

AssetImportParameters requested are different than current active one (requested -> active):
  custom:framework-win-MediaFoundation: 216162199b28c13a410421893ffa2e32 -> 
  custom:video-decoder-ogg-theora: a1e56fd34408186e4bbccfd4996cb3dc -> 
  custom:container-muxer-webm: aa71ff27fc2769a1b78a27578f13a17b -> 
  custom:container-demuxer-webm: 4f35f7cbe854078d1ac9338744f61a02 -> 
  custom:container-demuxer-ogg: 62fdf1f143b41e24485cea50d1cbac27 -> 
  custom:video-encoder-webm-vp8: eb34c28f22e8b96e1ab97ce403110664 -> 
  custom:video-codec-MediaFoundation-h265: e54d7ab0439102e2317fc1e4b246158d -> 
  custom:video-decoder-webm-vp8: 9c59270c3fd7afecdb556c50c9e8de78 -> 
  custom:audio-decoder-ogg-vorbis: bf7c407c2cedff20999df2af8eb42d56 -> 
  custom:audio-encoder-webm-vorbis: bf7c407c2cedff20999df2af8eb42d56 -> 
========================================================================
Received Import Request.
  path: Assets/Prefabs/PlayerArmatureAgent.prefab
  artifactKey: Guid(6ef00c908ede074458883ca66ff5823b) Importer(815301076,1909f56bfc062723c751e8b465ee728b)
Start importing Assets/Prefabs/PlayerArmatureAgent.prefab using Guid(6ef00c908ede074458883ca66ff5823b) Importer(815301076,1909f56bfc062723c751e8b465ee728b)  -> (artifact id: 'c2f031c8ef7196616cbf492534fabb16') in 0.207835 seconds 
  Import took 0.211766 seconds .

========================================================================
Received Import Request.
  Time since last request: 0.000198 seconds.
  path: Assets/Prefabs/NetworkGame.prefab
  artifactKey: Guid(9c3c7e2867f8b8d4fb3f8b02d4e8845c) Importer(815301076,1909f56bfc062723c751e8b465ee728b)
Start importing Assets/Prefabs/NetworkGame.prefab using Guid(9c3c7e2867f8b8d4fb3f8b02d4e8845c) Importer(815301076,1909f56bfc062723c751e8b465ee728b)  -> (artifact id: 'b5810f258d0a221de64d0d2e28fd8d69') in 0.010654 seconds 
  Import took 0.013075 seconds .

========================================================================
Received Import Request.
  Time since last request: 107.770515 seconds.
  path: Assets/FusionScripts/NetworkConnectionManager.cs
  artifactKey: Guid(5b35bf4607980f44586832c7e9f8cf4b) Importer(815301076,1909f56bfc062723c751e8b465ee728b)
Start importing Assets/FusionScripts/NetworkConnectionManager.cs using Guid(5b35bf4607980f44586832c7e9f8cf4b) Importer(815301076,1909f56bfc062723c751e8b465ee728b)  -> (artifact id: '3f6bed3da51a016102ec198cba21b868') in 0.006846 seconds 
  Import took 0.009690 seconds .

========================================================================
Received Import Request.
  Time since last request: 287.763223 seconds.
  path: Assets/FusionScripts/NetworkGame.cs
  artifactKey: Guid(e16783ea6b032684a8b9e824e81379b1) Importer(815301076,1909f56bfc062723c751e8b465ee728b)
Start importing Assets/FusionScripts/NetworkGame.cs using Guid(e16783ea6b032684a8b9e824e81379b1) Importer(815301076,1909f56bfc062723c751e8b465ee728b)  -> (artifact id: '5b56aded687b2cd17c7d9d7d442f7c24') in 0.004838 seconds 
  Import took 0.007516 seconds .

========================================================================
Received Import Request.
  Time since last request: 0.001218 seconds.
  path: Assets/FusionScripts/NetworkGame.cs
  artifactKey: Guid(e16783ea6b032684a8b9e824e81379b1) Importer(815301076,1909f56bfc062723c751e8b465ee728b)
Start importing Assets/FusionScripts/NetworkGame.cs using Guid(e16783ea6b032684a8b9e824e81379b1) Importer(815301076,1909f56bfc062723c751e8b465ee728b)  -> (artifact id: '5b56aded687b2cd17c7d9d7d442f7c24') in 0.001289 seconds 
  Import took 0.003538 seconds .

